Build started 2015/10/13 17:31:20.
     1>Project "C:\Users\Yanglin\Desktop\GitHub\HelloWorld\Helloorld\Helloorld\Helloorld.vcxproj" on node 2 (Build target(s)).
     1>PrepareForBuild:
         Creating directory "C:\Users\Yanglin\Desktop\GitHub\HelloWorld\Helloorld\Debug\".
       InitializeBuildStatus:
         Creating "Debug\Helloorld.unsuccessfulbuild" because "AlwaysCreate" was specified.
       ClCompile:
         C:\Program Files (x86)\Microsoft Visual Studio 11.0\VC\bin\CL.exe /c /ZI /nologo /W3 /WX- /sdl /Od /Oy- /D WIN32 /D _DEBUG /D _CONSOLE /D _UNICODE /D UNICODE /Gm /EHsc /RTC1 /MDd /GS /fp:precise /Zc:wchar_t /Zc:forScope /Yc"stdafx.h" /Fp"Debug\Helloorld.pch" /Fo"Debug\\" /Fd"Debug\vc110.pdb" /Gd /TP /analyze- /errorReport:prompt stdafx.cpp
         stdafx.cpp
         C:\Program Files (x86)\Microsoft Visual Studio 11.0\VC\bin\CL.exe /c /ZI /nologo /W3 /WX- /sdl /Od /Oy- /D WIN32 /D _DEBUG /D _CONSOLE /D _UNICODE /D UNICODE /Gm /EHsc /RTC1 /MDd /GS /fp:precise /Zc:wchar_t /Zc:forScope /Yu"stdafx.h" /Fp"Debug\Helloorld.pch" /Fo"Debug\\" /Fd"Debug\vc110.pdb" /Gd /TP /analyze- /errorReport:prompt Helloorld.cpp
         Helloorld.cpp
       Link:
         C:\Program Files (x86)\Microsoft Visual Studio 11.0\VC\bin\link.exe /ERRORREPORT:PROMPT /OUT:"C:\Users\Yanglin\Desktop\GitHub\HelloWorld\Helloorld\Debug\Helloorld.exe" /INCREMENTAL /NOLOGO kernel32.lib user32.lib gdi32.lib winspool.lib comdlg32.lib advapi32.lib shell32.lib ole32.lib oleaut32.lib uuid.lib odbc32.lib odbccp32.lib /MANIFEST /MANIFESTUAC:"level='asInvoker' uiAccess='false'" /manifest:embed /DEBUG /PDB:"C:\Users\Yanglin\Desktop\GitHub\HelloWorld\Helloorld\Debug\Helloorld.pdb" /SUBSYSTEM:CONSOLE /TLBID:1 /DYNAMICBASE /NXCOMPAT /IMPLIB:"C:\Users\Yanglin\Desktop\GitHub\HelloWorld\Helloorld\Debug\Helloorld.lib" /MACHINE:X86 Debug\Helloorld.obj
         Debug\stdafx.obj
         Helloorld.vcxproj -> C:\Users\Yanglin\Desktop\GitHub\HelloWorld\Helloorld\Debug\Helloorld.exe
       FinalizeBuildStatus:
         Deleting file "Debug\Helloorld.unsuccessfulbuild".
         Touching "Debug\Helloorld.lastbuildstate".
     1>Done Building Project "C:\Users\Yanglin\Desktop\GitHub\HelloWorld\Helloorld\Helloorld\Helloorld.vcxproj" (Build target(s)).

Build succeeded.

Time Elapsed 00:00:01.30
